[debug] [2025-10-01T19:40:44.269Z] ----------------------------------------------------------------------
[debug] [2025-10-01T19:40:44.277Z] Command:       /usr/local/bin/node /usr/local/bin/firebase init
[debug] [2025-10-01T19:40:44.278Z] CLI Version:   14.17.0
[debug] [2025-10-01T19:40:44.278Z] Platform:      darwin
[debug] [2025-10-01T19:40:44.279Z] Node Version:  v22.18.0
[debug] [2025-10-01T19:40:44.279Z] Time:          Wed Oct 01 2025 13:40:44 GMT-0600 (Central Standard Time)
[debug] [2025-10-01T19:40:44.279Z] ----------------------------------------------------------------------
[debug] 
[debug] [2025-10-01T19:40:44.290Z] > command requires scopes: ["email","openid","https://www.googleapis.com/auth/cloudplatformprojects.readonly","https://www.googleapis.com/auth/firebase","https://www.googleapis.com/auth/cloud-platform"]
[debug] [2025-10-01T19:40:44.291Z] > authorizing via signed-in user (astrit.garduno@gmail.com)
[info] 
     ######## #### ########  ######## ########     ###     ######  ########
     ##        ##  ##     ## ##       ##     ##  ##   ##  ##       ##
     ######    ##  ########  ######   ########  #########  ######  ######
     ##        ##  ##    ##  ##       ##     ## ##     ##       ## ##
     ##       #### ##     ## ######## ########  ##     ##  ######  ########

You're about to initialize a Firebase project in this directory:

  /Users/astritsharongarduno/Desktop/EBAC-VS/practicam7-flagfootball2

[info] 
=== Project Setup
[info] 
[info] First, let's associate this project directory with a Firebase project.
[info] You can create multiple project aliases by running firebase use --add, 
[info] but for now we'll just set up a default project.
[info] 
[debug] [2025-10-01T19:43:08.969Z] Checked if tokens are valid: true, expires at: 1759351154072
[debug] [2025-10-01T19:43:08.970Z] Checked if tokens are valid: true, expires at: 1759351154072
[debug] [2025-10-01T19:43:08.972Z] >>> [apiv2][query] GET https://firebase.googleapis.com/v1beta1/projects pageSize=100
[debug] [2025-10-01T19:43:09.371Z] <<< [apiv2][status] GET https://firebase.googleapis.com/v1beta1/projects 200
[debug] [2025-10-01T19:43:09.371Z] <<< [apiv2][body] GET https://firebase.googleapis.com/v1beta1/projects [omitted]
[info] i  Using project ebac-firebase-hosting-23988 (EBAC-Firebase-Hosting) 
[info] 
=== Dataconnect Setup
[debug] [2025-10-01T19:43:21.230Z] Checked if tokens are valid: true, expires at: 1759351154072
[debug] [2025-10-01T19:43:21.230Z] Checked if tokens are valid: true, expires at: 1759351154072
[debug] [2025-10-01T19:43:21.230Z] >>> [apiv2][query] GET https://cloudbilling.googleapis.com/v1/projects/ebac-firebase-hosting-23988/billingInfo [none]
[debug] [2025-10-01T19:43:21.434Z] <<< [apiv2][status] GET https://cloudbilling.googleapis.com/v1/projects/ebac-firebase-hosting-23988/billingInfo 200
[debug] [2025-10-01T19:43:21.435Z] <<< [apiv2][body] GET https://cloudbilling.googleapis.com/v1/projects/ebac-firebase-hosting-23988/billingInfo {"name":"projects/ebac-firebase-hosting-23988/billingInfo","projectId":"ebac-firebase-hosting-23988","billingAccountName":"","billingEnabled":false}
[info] i  dataconnect: ensuring required API firebasedataconnect.googleapis.com is enabled... 
[debug] [2025-10-01T19:43:21.437Z] Checked if tokens are valid: true, expires at: 1759351154072
[debug] [2025-10-01T19:43:21.437Z] Checked if tokens are valid: true, expires at: 1759351154072
[info] i  dataconnect: ensuring required API sqladmin.googleapis.com is enabled... 
[debug] [2025-10-01T19:43:21.438Z] Checked if tokens are valid: true, expires at: 1759351154072
[debug] [2025-10-01T19:43:21.438Z] Checked if tokens are valid: true, expires at: 1759351154072
[debug] [2025-10-01T19:43:21.441Z] >>> [apiv2][query] GET https://serviceusage.googleapis.com/v1/projects/ebac-firebase-hosting-23988/services/firebasedataconnect.googleapis.com [none]
[debug] [2025-10-01T19:43:21.441Z] >>> [apiv2][(partial)header] GET https://serviceusage.googleapis.com/v1/projects/ebac-firebase-hosting-23988/services/firebasedataconnect.googleapis.com x-goog-quota-user=projects/ebac-firebase-hosting-23988
[debug] [2025-10-01T19:43:21.444Z] >>> [apiv2][query] GET https://serviceusage.googleapis.com/v1/projects/ebac-firebase-hosting-23988/services/sqladmin.googleapis.com [none]
[debug] [2025-10-01T19:43:21.444Z] >>> [apiv2][(partial)header] GET https://serviceusage.googleapis.com/v1/projects/ebac-firebase-hosting-23988/services/sqladmin.googleapis.com x-goog-quota-user=projects/ebac-firebase-hosting-23988
[debug] [2025-10-01T19:43:22.152Z] <<< [apiv2][status] GET https://serviceusage.googleapis.com/v1/projects/ebac-firebase-hosting-23988/services/firebasedataconnect.googleapis.com 200
[debug] [2025-10-01T19:43:22.152Z] <<< [apiv2][body] GET https://serviceusage.googleapis.com/v1/projects/ebac-firebase-hosting-23988/services/firebasedataconnect.googleapis.com [omitted]
[warn] ⚠  dataconnect: missing required API firebasedataconnect.googleapis.com. Enabling now... 
[debug] [2025-10-01T19:43:22.153Z] Checked if tokens are valid: true, expires at: 1759351154072
[debug] [2025-10-01T19:43:22.154Z] Checked if tokens are valid: true, expires at: 1759351154072
[debug] [2025-10-01T19:43:22.154Z] >>> [apiv2][query] POST https://serviceusage.googleapis.com/v1/projects/ebac-firebase-hosting-23988/services/firebasedataconnect.googleapis.com:enable [none]
[debug] [2025-10-01T19:43:22.154Z] >>> [apiv2][(partial)header] POST https://serviceusage.googleapis.com/v1/projects/ebac-firebase-hosting-23988/services/firebasedataconnect.googleapis.com:enable x-goog-quota-user=projects/ebac-firebase-hosting-23988
[debug] [2025-10-01T19:43:22.214Z] <<< [apiv2][status] GET https://serviceusage.googleapis.com/v1/projects/ebac-firebase-hosting-23988/services/sqladmin.googleapis.com 200
[debug] [2025-10-01T19:43:22.214Z] <<< [apiv2][body] GET https://serviceusage.googleapis.com/v1/projects/ebac-firebase-hosting-23988/services/sqladmin.googleapis.com [omitted]
[warn] ⚠  dataconnect: missing required API sqladmin.googleapis.com. Enabling now... 
[debug] [2025-10-01T19:43:22.214Z] Checked if tokens are valid: true, expires at: 1759351154072
[debug] [2025-10-01T19:43:22.214Z] Checked if tokens are valid: true, expires at: 1759351154072
[debug] [2025-10-01T19:43:22.215Z] >>> [apiv2][query] POST https://serviceusage.googleapis.com/v1/projects/ebac-firebase-hosting-23988/services/sqladmin.googleapis.com:enable [none]
[debug] [2025-10-01T19:43:22.215Z] >>> [apiv2][(partial)header] POST https://serviceusage.googleapis.com/v1/projects/ebac-firebase-hosting-23988/services/sqladmin.googleapis.com:enable x-goog-quota-user=projects/ebac-firebase-hosting-23988
[debug] [2025-10-01T19:43:22.521Z] <<< [apiv2][status] POST https://serviceusage.googleapis.com/v1/projects/ebac-firebase-hosting-23988/services/firebasedataconnect.googleapis.com:enable 200
[debug] [2025-10-01T19:43:22.522Z] <<< [apiv2][body] POST https://serviceusage.googleapis.com/v1/projects/ebac-firebase-hosting-23988/services/firebasedataconnect.googleapis.com:enable [omitted]
[debug] [2025-10-01T19:43:22.658Z] <<< [apiv2][status] POST https://serviceusage.googleapis.com/v1/projects/ebac-firebase-hosting-23988/services/sqladmin.googleapis.com:enable 200
[debug] [2025-10-01T19:43:22.659Z] <<< [apiv2][body] POST https://serviceusage.googleapis.com/v1/projects/ebac-firebase-hosting-23988/services/sqladmin.googleapis.com:enable [omitted]
[debug] [2025-10-01T19:43:32.681Z] Checked if tokens are valid: true, expires at: 1759351154072
[debug] [2025-10-01T19:43:32.681Z] Checked if tokens are valid: true, expires at: 1759351154072
[debug] [2025-10-01T19:43:32.682Z] >>> [apiv2][query] GET https://firebasedataconnect.googleapis.com/v1/projects/ebac-firebase-hosting-23988/locations/-/services [none]
[debug] [2025-10-01T19:43:33.374Z] <<< [apiv2][status] GET https://firebasedataconnect.googleapis.com/v1/projects/ebac-firebase-hosting-23988/locations/-/services 200
[debug] [2025-10-01T19:43:33.375Z] <<< [apiv2][body] GET https://firebasedataconnect.googleapis.com/v1/projects/ebac-firebase-hosting-23988/locations/-/services {}
[warn] ⚠  dataconnect: No app exists in the current directory. 
